----------------------------------------------------------------
Sat Oct 04 00:00:15 WAT 2025:
Booting Derby version The Apache Software Foundation - Apache Derby - 10.15.2.0 - (1873585): instance a816c00e-0199-ac4d-fb38-000001566a90 
on database directory C:\Nomis3CFHI\dbs\nomis3db with class loader jdk.internal.loader.ClassLoaders$AppClassLoader@2a139a55 
Loaded from file:/C:/Users/NwokomaAnthony/Desktop/PROJECTS/SOFTWARES/PYTHON/nomisMigration/src/db/DerbyJdbcDriver/derby.jar
java.vendor=Oracle Corporation
java.runtime.version=17.0.12+8-LTS-286
user.dir=C:\Users\NwokomaAnthony\Desktop\PROJECTS\SOFTWARES\PYTHON\nomisMigration
os.name=Windows 11
os.arch=amd64
os.version=10.0
derby.system.home=null
Database Class Loader started - derby.database.classpath=''
----------------------------------------------------------------
Sat Oct 04 00:00:22 WAT 2025:
Booting Derby version The Apache Software Foundation - Apache Derby - 10.15.2.0 - (1873585): instance 6302404f-0199-ac4d-fb38-000001566a90 
on database directory C:\Nomis3TCCI\dbs\nomis3db with class loader jdk.internal.loader.ClassLoaders$AppClassLoader@2a139a55 
Loaded from file:/C:/Users/NwokomaAnthony/Desktop/PROJECTS/SOFTWARES/PYTHON/nomisMigration/src/db/DerbyJdbcDriver/derby.jar
java.vendor=Oracle Corporation
java.runtime.version=17.0.12+8-LTS-286
user.dir=C:\Users\NwokomaAnthony\Desktop\PROJECTS\SOFTWARES\PYTHON\nomisMigration
os.name=Windows 11
os.arch=amd64
os.version=10.0
derby.system.home=null
Database Class Loader started - derby.database.classpath=''
